{"C:\\Users\\user\\Documents\\donors\\frontend\\src\\App.js": {"path":"C:\\Users\\user\\Documents\\donors\\frontend\\src\\App.js","statementMap":{"0":{"start":{"line":6,"column":2},"end":{"line":12,"column":4}}},"fnMap":{"0":{"name":"App","decl":{"start":{"line":5,"column":9},"end":{"line":5,"column":12}},"loc":{"start":{"line":5,"column":15},"end":{"line":13,"column":1}},"line":5}},"branchMap":{},"s":{"0":0},"f":{"0":0},"b":{},"_coverageSchema":"1a1c01bbd47fc00a2c39e90264f33305004495a9","hash":"428bd46c59c3bb1f2ecb162271df89f28cec346b"}
,"C:\\Users\\user\\Documents\\donors\\frontend\\src\\index.js": {"path":"C:\\Users\\user\\Documents\\donors\\frontend\\src\\index.js","statementMap":{"0":{"start":{"line":7,"column":13},"end":{"line":7,"column":44}},"1":{"start":{"line":8,"column":20},"end":{"line":8,"column":45}},"2":{"start":{"line":10,"column":0},"end":{"line":14,"column":2}},"3":{"start":{"line":16,"column":0},"end":{"line":16,"column":18}}},"fnMap":{},"branchMap":{},"s":{"0":0,"1":0,"2":0,"3":0},"f":{},"b":{}}
,"C:\\Users\\user\\Documents\\donors\\frontend\\src\\reportWebVitals.js": {"path":"C:\\Users\\user\\Documents\\donors\\frontend\\src\\reportWebVitals.js","statementMap":{"0":{"start":{"line":1,"column":24},"end":{"line":11,"column":1}},"1":{"start":{"line":2,"column":2},"end":{"line":10,"column":3}},"2":{"start":{"line":3,"column":4},"end":{"line":9,"column":7}},"3":{"start":{"line":4,"column":6},"end":{"line":4,"column":26}},"4":{"start":{"line":5,"column":6},"end":{"line":5,"column":26}},"5":{"start":{"line":6,"column":6},"end":{"line":6,"column":26}},"6":{"start":{"line":7,"column":6},"end":{"line":7,"column":26}},"7":{"start":{"line":8,"column":6},"end":{"line":8,"column":27}}},"fnMap":{"0":{"name":"(anonymous_0)","decl":{"start":{"line":1,"column":24},"end":{"line":1,"column":25}},"loc":{"start":{"line":1,"column":39},"end":{"line":11,"column":1}},"line":1},"1":{"name":"(anonymous_1)","decl":{"start":{"line":3,"column":30},"end":{"line":3,"column":31}},"loc":{"start":{"line":3,"column":79},"end":{"line":9,"column":5}},"line":3}},"branchMap":{"0":{"loc":{"start":{"line":2,"column":2},"end":{"line":10,"column":3}},"type":"if","locations":[{"start":{"line":2,"column":2},"end":{"line":10,"column":3}},{"start":{},"end":{}}],"line":2},"1":{"loc":{"start":{"line":2,"column":6},"end":{"line":2,"column":52}},"type":"binary-expr","locations":[{"start":{"line":2,"column":6},"end":{"line":2,"column":17}},{"start":{"line":2,"column":21},"end":{"line":2,"column":52}}],"line":2}},"s":{"0":1,"1":2,"2":0,"3":0,"4":0,"5":0,"6":0,"7":0},"f":{"0":2,"1":0},"b":{"0":[0,2],"1":[2,1]},"_coverageSchema":"1a1c01bbd47fc00a2c39e90264f33305004495a9","hash":"096c86909b96a0d1c2e0a7fbef0bd94756d1964d"}
,"C:\\Users\\user\\Documents\\donors\\frontend\\src\\components\\PageRoutes.js": {"path":"C:\\Users\\user\\Documents\\donors\\frontend\\src\\components\\PageRoutes.js","statementMap":{"0":{"start":{"line":13,"column":19},"end":{"line":27,"column":3}},"1":{"start":{"line":14,"column":4},"end":{"line":26,"column":5}}},"fnMap":{"0":{"name":"(anonymous_0)","decl":{"start":{"line":13,"column":19},"end":{"line":13,"column":20}},"loc":{"start":{"line":13,"column":25},"end":{"line":27,"column":3}},"line":13}},"branchMap":{},"s":{"0":2,"1":0},"f":{"0":0},"b":{},"_coverageSchema":"1a1c01bbd47fc00a2c39e90264f33305004495a9","hash":"567f5bee10c81890566cec34b32980812cf80e78"}
,"C:\\Users\\user\\Documents\\donors\\frontend\\src\\components\\Admin\\AdminPage.jsx": {"path":"C:\\Users\\user\\Documents\\donors\\frontend\\src\\components\\Admin\\AdminPage.jsx","statementMap":{"0":{"start":{"line":17,"column":18},"end":{"line":114,"column":1}},"1":{"start":{"line":18,"column":2},"end":{"line":113,"column":4}}},"fnMap":{"0":{"name":"(anonymous_0)","decl":{"start":{"line":17,"column":18},"end":{"line":17,"column":19}},"loc":{"start":{"line":17,"column":24},"end":{"line":114,"column":1}},"line":17}},"branchMap":{},"s":{"0":2,"1":0},"f":{"0":0},"b":{},"_coverageSchema":"1a1c01bbd47fc00a2c39e90264f33305004495a9","hash":"9af4bcf11a7b30196051fbcd4da67ae6dc8139ec"}
,"C:\\Users\\user\\Documents\\donors\\frontend\\src\\components\\Admin\\AllDonor.jsx": {"path":"C:\\Users\\user\\Documents\\donors\\frontend\\src\\components\\Admin\\AllDonor.jsx","statementMap":{"0":{"start":{"line":18,"column":17},"end":{"line":131,"column":1}},"1":{"start":{"line":19,"column":54},"end":{"line":19,"column":66}},"2":{"start":{"line":20,"column":23},"end":{"line":33,"column":3}},"3":{"start":{"line":21,"column":4},"end":{"line":21,"column":27}},"4":{"start":{"line":23,"column":4},"end":{"line":31,"column":30}},"5":{"start":{"line":25,"column":6},"end":{"line":25,"column":43}},"6":{"start":{"line":26,"column":6},"end":{"line":26,"column":48}},"7":{"start":{"line":42,"column":21},"end":{"line":56,"column":4}},"8":{"start":{"line":43,"column":4},"end":{"line":55,"column":5}},"9":{"start":{"line":59,"column":2},"end":{"line":130,"column":4}}},"fnMap":{"0":{"name":"(anonymous_0)","decl":{"start":{"line":18,"column":17},"end":{"line":18,"column":18}},"loc":{"start":{"line":18,"column":23},"end":{"line":131,"column":1}},"line":18},"1":{"name":"(anonymous_1)","decl":{"start":{"line":20,"column":23},"end":{"line":20,"column":24}},"loc":{"start":{"line":20,"column":34},"end":{"line":33,"column":3}},"line":20},"2":{"name":"(anonymous_2)","decl":{"start":{"line":24,"column":10},"end":{"line":24,"column":11}},"loc":{"start":{"line":24,"column":22},"end":{"line":31,"column":5}},"line":24},"3":{"name":"(anonymous_3)","decl":{"start":{"line":42,"column":44},"end":{"line":42,"column":45}},"loc":{"start":{"line":43,"column":4},"end":{"line":55,"column":5}},"line":43}},"branchMap":{},"s":{"0":2,"1":0,"2":0,"3":0,"4":0,"5":0,"6":0,"7":0,"8":0,"9":0},"f":{"0":0,"1":0,"2":0,"3":0},"b":{},"_coverageSchema":"1a1c01bbd47fc00a2c39e90264f33305004495a9","hash":"6c5127c4136612562fb12e3e4d935ec4166e79e2"}
,"C:\\Users\\user\\Documents\\donors\\frontend\\src\\components\\Admin\\AllTransaction.jsx": {"path":"C:\\Users\\user\\Documents\\donors\\frontend\\src\\components\\Admin\\AllTransaction.jsx","statementMap":{"0":{"start":{"line":19,"column":23},"end":{"line":110,"column":1}},"1":{"start":{"line":20,"column":26},"end":{"line":20,"column":38}},"2":{"start":{"line":21,"column":36},"end":{"line":21,"column":48}},"3":{"start":{"line":22,"column":44},"end":{"line":22,"column":56}},"4":{"start":{"line":23,"column":48},"end":{"line":23,"column":60}},"5":{"start":{"line":24,"column":38},"end":{"line":24,"column":50}},"6":{"start":{"line":25,"column":25},"end":{"line":25,"column":37}},"7":{"start":{"line":27,"column":2},"end":{"line":109,"column":4}}},"fnMap":{"0":{"name":"(anonymous_0)","decl":{"start":{"line":19,"column":23},"end":{"line":19,"column":24}},"loc":{"start":{"line":19,"column":29},"end":{"line":110,"column":1}},"line":19}},"branchMap":{},"s":{"0":2,"1":0,"2":0,"3":0,"4":0,"5":0,"6":0,"7":0},"f":{"0":0},"b":{},"_coverageSchema":"1a1c01bbd47fc00a2c39e90264f33305004495a9","hash":"6069a245dc7d44a4840a88f9d1c69c5d61cc17c4"}
,"C:\\Users\\user\\Documents\\donors\\frontend\\src\\components\\Admin\\TransactionOfParticularDonar.jsx": {"path":"C:\\Users\\user\\Documents\\donors\\frontend\\src\\components\\Admin\\TransactionOfParticularDonar.jsx","statementMap":{"0":{"start":{"line":19,"column":17},"end":{"line":145,"column":1}},"1":{"start":{"line":21,"column":36},"end":{"line":21,"column":48}},"2":{"start":{"line":22,"column":44},"end":{"line":22,"column":56}},"3":{"start":{"line":23,"column":48},"end":{"line":23,"column":60}},"4":{"start":{"line":24,"column":30},"end":{"line":24,"column":42}},"5":{"start":{"line":25,"column":48},"end":{"line":25,"column":60}},"6":{"start":{"line":28,"column":2},"end":{"line":144,"column":4}}},"fnMap":{"0":{"name":"(anonymous_0)","decl":{"start":{"line":19,"column":17},"end":{"line":19,"column":18}},"loc":{"start":{"line":19,"column":23},"end":{"line":145,"column":1}},"line":19}},"branchMap":{},"s":{"0":2,"1":0,"2":0,"3":0,"4":0,"5":0,"6":0},"f":{"0":0},"b":{},"_coverageSchema":"1a1c01bbd47fc00a2c39e90264f33305004495a9","hash":"034465fb51e536c58255f90b9ae4d868c967766e"}
,"C:\\Users\\user\\Documents\\donors\\frontend\\src\\components\\Certificate\\index.jsx": {"path":"C:\\Users\\user\\Documents\\donors\\frontend\\src\\components\\Certificate\\index.jsx","statementMap":{"0":{"start":{"line":17,"column":27},"end":{"line":193,"column":1}},"1":{"start":{"line":18,"column":38},"end":{"line":18,"column":50}},"2":{"start":{"line":19,"column":26},"end":{"line":19,"column":38}},"3":{"start":{"line":20,"column":38},"end":{"line":20,"column":50}},"4":{"start":{"line":21,"column":24},"end":{"line":21,"column":36}},"5":{"start":{"line":22,"column":40},"end":{"line":22,"column":55}},"6":{"start":{"line":25,"column":23},"end":{"line":62,"column":3}},"7":{"start":{"line":26,"column":4},"end":{"line":26,"column":27}},"8":{"start":{"line":27,"column":4},"end":{"line":27,"column":45}},"9":{"start":{"line":28,"column":4},"end":{"line":37,"column":7}},"10":{"start":{"line":30,"column":6},"end":{"line":30,"column":27}},"11":{"start":{"line":31,"column":6},"end":{"line":31,"column":48}},"12":{"start":{"line":32,"column":6},"end":{"line":32,"column":39}},"13":{"start":{"line":33,"column":6},"end":{"line":33,"column":37}},"14":{"start":{"line":36,"column":6},"end":{"line":36,"column":37}},"15":{"start":{"line":39,"column":4},"end":{"line":61,"column":7}},"16":{"start":{"line":41,"column":6},"end":{"line":41,"column":48}},"17":{"start":{"line":42,"column":6},"end":{"line":49,"column":9}},"18":{"start":{"line":52,"column":6},"end":{"line":52,"column":37}},"19":{"start":{"line":53,"column":6},"end":{"line":60,"column":9}},"20":{"start":{"line":65,"column":24},"end":{"line":65,"column":26}},"21":{"start":{"line":66,"column":4},"end":{"line":68,"column":5}},"22":{"start":{"line":66,"column":20},"end":{"line":66,"column":29}},"23":{"start":{"line":67,"column":6},"end":{"line":67,"column":48}},"24":{"start":{"line":69,"column":4},"end":{"line":69,"column":23}},"25":{"start":{"line":72,"column":20},"end":{"line":72,"column":24}},"26":{"start":{"line":73,"column":18},"end":{"line":73,"column":42}},"27":{"start":{"line":75,"column":16},"end":{"line":75,"column":60}},"28":{"start":{"line":77,"column":27},"end":{"line":79,"column":3}},"29":{"start":{"line":78,"column":4},"end":{"line":78,"column":38}},"30":{"start":{"line":80,"column":2},"end":{"line":192,"column":4}},"31":{"start":{"line":128,"column":45},"end":{"line":128,"column":74}},"32":{"start":{"line":145,"column":30},"end":{"line":147,"column":41}}},"fnMap":{"0":{"name":"(anonymous_0)","decl":{"start":{"line":17,"column":27},"end":{"line":17,"column":28}},"loc":{"start":{"line":17,"column":33},"end":{"line":193,"column":1}},"line":17},"1":{"name":"(anonymous_1)","decl":{"start":{"line":25,"column":23},"end":{"line":25,"column":24}},"loc":{"start":{"line":25,"column":34},"end":{"line":62,"column":3}},"line":25},"2":{"name":"(anonymous_2)","decl":{"start":{"line":29,"column":10},"end":{"line":29,"column":11}},"loc":{"start":{"line":29,"column":22},"end":{"line":34,"column":5}},"line":29},"3":{"name":"(anonymous_3)","decl":{"start":{"line":35,"column":11},"end":{"line":35,"column":12}},"loc":{"start":{"line":35,"column":20},"end":{"line":37,"column":5}},"line":35},"4":{"name":"(anonymous_4)","decl":{"start":{"line":40,"column":10},"end":{"line":40,"column":11}},"loc":{"start":{"line":40,"column":22},"end":{"line":50,"column":5}},"line":40},"5":{"name":"(anonymous_5)","decl":{"start":{"line":51,"column":11},"end":{"line":51,"column":12}},"loc":{"start":{"line":51,"column":20},"end":{"line":61,"column":5}},"line":51},"6":{"name":"generateFiscalYearsArray","decl":{"start":{"line":64,"column":11},"end":{"line":64,"column":35}},"loc":{"start":{"line":64,"column":56},"end":{"line":70,"column":3}},"line":64},"7":{"name":"(anonymous_7)","decl":{"start":{"line":77,"column":27},"end":{"line":77,"column":28}},"loc":{"start":{"line":77,"column":38},"end":{"line":79,"column":3}},"line":77},"8":{"name":"(anonymous_8)","decl":{"start":{"line":128,"column":38},"end":{"line":128,"column":39}},"loc":{"start":{"line":128,"column":45},"end":{"line":128,"column":74}},"line":128},"9":{"name":"(anonymous_9)","decl":{"start":{"line":144,"column":39},"end":{"line":144,"column":40}},"loc":{"start":{"line":145,"column":30},"end":{"line":147,"column":41}},"line":145}},"branchMap":{"0":{"loc":{"start":{"line":157,"column":17},"end":{"line":162,"column":17}},"type":"binary-expr","locations":[{"start":{"line":157,"column":17},"end":{"line":157,"column":28}},{"start":{"line":158,"column":18},"end":{"line":161,"column":22}}],"line":157},"1":{"loc":{"start":{"line":163,"column":17},"end":{"line":163,"column":84}},"type":"binary-expr","locations":[{"start":{"line":163,"column":17},"end":{"line":163,"column":28}},{"start":{"line":163,"column":32},"end":{"line":163,"column":84}}],"line":163},"2":{"loc":{"start":{"line":164,"column":17},"end":{"line":164,"column":75}},"type":"binary-expr","locations":[{"start":{"line":164,"column":17},"end":{"line":164,"column":28}},{"start":{"line":164,"column":32},"end":{"line":164,"column":75}}],"line":164}},"s":{"0":2,"1":0,"2":0,"3":0,"4":0,"5":0,"6":0,"7":0,"8":0,"9":0,"10":0,"11":0,"12":0,"13":0,"14":0,"15":0,"16":0,"17":0,"18":0,"19":0,"20":0,"21":0,"22":0,"23":0,"24":0,"25":0,"26":0,"27":0,"28":0,"29":0,"30":0,"31":0,"32":0},"f":{"0":0,"1":0,"2":0,"3":0,"4":0,"5":0,"6":0,"7":0,"8":0,"9":0},"b":{"0":[0,0],"1":[0,0],"2":[0,0]},"_coverageSchema":"1a1c01bbd47fc00a2c39e90264f33305004495a9","hash":"49b48cdd77e980739692ffa3e543318983e54e80"}
,"C:\\Users\\user\\Documents\\donors\\frontend\\src\\components\\ExistingDonor\\index.jsx": {"path":"C:\\Users\\user\\Documents\\donors\\frontend\\src\\components\\ExistingDonor\\index.jsx","statementMap":{"0":{"start":{"line":17,"column":16},"end":{"line":38,"column":1}},"1":{"start":{"line":42,"column":26},"end":{"line":295,"column":1}},"2":{"start":{"line":43,"column":38},"end":{"line":43,"column":50}},"3":{"start":{"line":44,"column":26},"end":{"line":44,"column":38}},"4":{"start":{"line":45,"column":32},"end":{"line":45,"column":44}},"5":{"start":{"line":46,"column":24},"end":{"line":46,"column":36}},"6":{"start":{"line":47,"column":30},"end":{"line":47,"column":42}},"7":{"start":{"line":48,"column":48},"end":{"line":48,"column":63}},"8":{"start":{"line":49,"column":26},"end":{"line":49,"column":46}},"9":{"start":{"line":51,"column":38},"end":{"line":53,"column":3}},"10":{"start":{"line":52,"column":4},"end":{"line":52,"column":39}},"11":{"start":{"line":54,"column":23},"end":{"line":58,"column":3}},"12":{"start":{"line":56,"column":23},"end":{"line":56,"column":51}},"13":{"start":{"line":57,"column":4},"end":{"line":57,"column":39}},"14":{"start":{"line":60,"column":2},"end":{"line":68,"column":9}},"15":{"start":{"line":61,"column":23},"end":{"line":63,"column":12}},"16":{"start":{"line":62,"column":6},"end":{"line":62,"column":26}},"17":{"start":{"line":65,"column":4},"end":{"line":67,"column":6}},"18":{"start":{"line":66,"column":6},"end":{"line":66,"column":32}},"19":{"start":{"line":70,"column":21},"end":{"line":75,"column":3}},"20":{"start":{"line":71,"column":16},"end":{"line":71,"column":58}},"21":{"start":{"line":72,"column":18},"end":{"line":72,"column":67}},"22":{"start":{"line":73,"column":17},"end":{"line":73,"column":35}},"23":{"start":{"line":74,"column":4},"end":{"line":74,"column":37}},"24":{"start":{"line":77,"column":23},"end":{"line":90,"column":3}},"25":{"start":{"line":78,"column":4},"end":{"line":78,"column":27}},"26":{"start":{"line":79,"column":4},"end":{"line":79,"column":46}},"27":{"start":{"line":80,"column":4},"end":{"line":89,"column":7}},"28":{"start":{"line":82,"column":6},"end":{"line":82,"column":48}},"29":{"start":{"line":83,"column":6},"end":{"line":83,"column":39}},"30":{"start":{"line":84,"column":6},"end":{"line":84,"column":37}},"31":{"start":{"line":85,"column":6},"end":{"line":85,"column":45}},"32":{"start":{"line":88,"column":6},"end":{"line":88,"column":37}},"33":{"start":{"line":92,"column":31},"end":{"line":126,"column":3}},"34":{"start":{"line":93,"column":4},"end":{"line":93,"column":23}},"35":{"start":{"line":94,"column":17},"end":{"line":101,"column":5}},"36":{"start":{"line":102,"column":4},"end":{"line":102,"column":21}},"37":{"start":{"line":103,"column":4},"end":{"line":125,"column":7}},"38":{"start":{"line":105,"column":6},"end":{"line":105,"column":43}},"39":{"start":{"line":106,"column":6},"end":{"line":113,"column":9}},"40":{"start":{"line":116,"column":6},"end":{"line":116,"column":37}},"41":{"start":{"line":117,"column":6},"end":{"line":124,"column":9}},"42":{"start":{"line":128,"column":27},"end":{"line":128,"column":73}},"43":{"start":{"line":130,"column":2},"end":{"line":294,"column":4}},"44":{"start":{"line":182,"column":43},"end":{"line":182,"column":72}},"45":{"start":{"line":224,"column":33},"end":{"line":224,"column":58}},"46":{"start":{"line":249,"column":18},"end":{"line":251,"column":29}},"47":{"start":{"line":262,"column":33},"end":{"line":262,"column":56}}},"fnMap":{"0":{"name":"(anonymous_0)","decl":{"start":{"line":42,"column":26},"end":{"line":42,"column":27}},"loc":{"start":{"line":42,"column":32},"end":{"line":295,"column":1}},"line":42},"1":{"name":"(anonymous_1)","decl":{"start":{"line":51,"column":38},"end":{"line":51,"column":39}},"loc":{"start":{"line":51,"column":45},"end":{"line":53,"column":3}},"line":51},"2":{"name":"(anonymous_2)","decl":{"start":{"line":54,"column":23},"end":{"line":54,"column":24}},"loc":{"start":{"line":54,"column":39},"end":{"line":58,"column":3}},"line":54},"3":{"name":"(anonymous_3)","decl":{"start":{"line":60,"column":12},"end":{"line":60,"column":13}},"loc":{"start":{"line":60,"column":18},"end":{"line":68,"column":3}},"line":60},"4":{"name":"(anonymous_4)","decl":{"start":{"line":61,"column":35},"end":{"line":61,"column":36}},"loc":{"start":{"line":61,"column":41},"end":{"line":63,"column":5}},"line":61},"5":{"name":"(anonymous_5)","decl":{"start":{"line":65,"column":11},"end":{"line":65,"column":12}},"loc":{"start":{"line":65,"column":17},"end":{"line":67,"column":5}},"line":65},"6":{"name":"(anonymous_6)","decl":{"start":{"line":70,"column":21},"end":{"line":70,"column":22}},"loc":{"start":{"line":70,"column":31},"end":{"line":75,"column":3}},"line":70},"7":{"name":"(anonymous_7)","decl":{"start":{"line":77,"column":23},"end":{"line":77,"column":24}},"loc":{"start":{"line":77,"column":34},"end":{"line":90,"column":3}},"line":77},"8":{"name":"(anonymous_8)","decl":{"start":{"line":81,"column":10},"end":{"line":81,"column":11}},"loc":{"start":{"line":81,"column":22},"end":{"line":86,"column":5}},"line":81},"9":{"name":"(anonymous_9)","decl":{"start":{"line":87,"column":11},"end":{"line":87,"column":12}},"loc":{"start":{"line":87,"column":20},"end":{"line":89,"column":5}},"line":87},"10":{"name":"(anonymous_10)","decl":{"start":{"line":92,"column":31},"end":{"line":92,"column":32}},"loc":{"start":{"line":92,"column":38},"end":{"line":126,"column":3}},"line":92},"11":{"name":"(anonymous_11)","decl":{"start":{"line":104,"column":10},"end":{"line":104,"column":11}},"loc":{"start":{"line":104,"column":22},"end":{"line":114,"column":5}},"line":104},"12":{"name":"(anonymous_12)","decl":{"start":{"line":115,"column":11},"end":{"line":115,"column":12}},"loc":{"start":{"line":115,"column":19},"end":{"line":125,"column":5}},"line":115},"13":{"name":"(anonymous_13)","decl":{"start":{"line":182,"column":36},"end":{"line":182,"column":37}},"loc":{"start":{"line":182,"column":43},"end":{"line":182,"column":72}},"line":182},"14":{"name":"(anonymous_14)","decl":{"start":{"line":224,"column":26},"end":{"line":224,"column":27}},"loc":{"start":{"line":224,"column":33},"end":{"line":224,"column":58}},"line":224},"15":{"name":"(anonymous_15)","decl":{"start":{"line":248,"column":29},"end":{"line":248,"column":30}},"loc":{"start":{"line":249,"column":18},"end":{"line":251,"column":29}},"line":249},"16":{"name":"(anonymous_16)","decl":{"start":{"line":262,"column":26},"end":{"line":262,"column":27}},"loc":{"start":{"line":262,"column":33},"end":{"line":262,"column":56}},"line":262}},"branchMap":{"0":{"loc":{"start":{"line":128,"column":27},"end":{"line":128,"column":73}},"type":"binary-expr","locations":[{"start":{"line":128,"column":27},"end":{"line":128,"column":44}},{"start":{"line":128,"column":48},"end":{"line":128,"column":73}}],"line":128},"1":{"loc":{"start":{"line":183,"column":33},"end":{"line":183,"column":79}},"type":"binary-expr","locations":[{"start":{"line":183,"column":33},"end":{"line":183,"column":50}},{"start":{"line":183,"column":54},"end":{"line":183,"column":79}}],"line":183},"2":{"loc":{"start":{"line":185,"column":28},"end":{"line":187,"column":34}},"type":"cond-expr","locations":[{"start":{"line":186,"column":32},"end":{"line":186,"column":54}},{"start":{"line":187,"column":32},"end":{"line":187,"column":34}}],"line":185},"3":{"loc":{"start":{"line":185,"column":28},"end":{"line":185,"column":74}},"type":"binary-expr","locations":[{"start":{"line":185,"column":28},"end":{"line":185,"column":45}},{"start":{"line":185,"column":49},"end":{"line":185,"column":74}}],"line":185},"4":{"loc":{"start":{"line":207,"column":35},"end":{"line":207,"column":72}},"type":"cond-expr","locations":[{"start":{"line":207,"column":54},"end":{"line":207,"column":60}},{"start":{"line":207,"column":63},"end":{"line":207,"column":72}}],"line":207}},"s":{"0":3,"1":3,"2":0,"3":0,"4":0,"5":0,"6":0,"7":0,"8":0,"9":0,"10":0,"11":0,"12":0,"13":0,"14":0,"15":0,"16":0,"17":0,"18":0,"19":0,"20":0,"21":0,"22":0,"23":0,"24":0,"25":0,"26":0,"27":0,"28":0,"29":0,"30":0,"31":0,"32":0,"33":0,"34":0,"35":0,"36":0,"37":0,"38":0,"39":0,"40":0,"41":0,"42":0,"43":0,"44":0,"45":0,"46":0,"47":0},"f":{"0":0,"1":0,"2":0,"3":0,"4":0,"5":0,"6":0,"7":0,"8":0,"9":0,"10":0,"11":0,"12":0,"13":0,"14":0,"15":0,"16":0},"b":{"0":[0,0],"1":[0,0],"2":[0,0],"3":[0,0],"4":[0,0]},"_coverageSchema":"1a1c01bbd47fc00a2c39e90264f33305004495a9","hash":"81e8ecec1d883fe2cd6d1178316aae5db0fde324"}
,"C:\\Users\\user\\Documents\\donors\\frontend\\src\\components\\Footer\\index.jsx": {"path":"C:\\Users\\user\\Documents\\donors\\frontend\\src\\components\\Footer\\index.jsx","statementMap":{"0":{"start":{"line":10,"column":2},"end":{"line":84,"column":4}},"1":{"start":{"line":15,"column":10},"end":{"line":17,"column":37}}},"fnMap":{"0":{"name":"Footer","decl":{"start":{"line":9,"column":24},"end":{"line":9,"column":30}},"loc":{"start":{"line":9,"column":33},"end":{"line":85,"column":1}},"line":9},"1":{"name":"(anonymous_1)","decl":{"start":{"line":14,"column":25},"end":{"line":14,"column":26}},"loc":{"start":{"line":15,"column":10},"end":{"line":17,"column":37}},"line":15}},"branchMap":{"0":{"loc":{"start":{"line":15,"column":10},"end":{"line":17,"column":37}},"type":"cond-expr","locations":[{"start":{"line":16,"column":14},"end":{"line":16,"column":37}},{"start":{"line":17,"column":14},"end":{"line":17,"column":37}}],"line":15}},"s":{"0":0,"1":0},"f":{"0":0,"1":0},"b":{"0":[0,0]},"_coverageSchema":"1a1c01bbd47fc00a2c39e90264f33305004495a9","hash":"b155b8674159cd0a4a8b56d80d71161197a60da4"}
,"C:\\Users\\user\\Documents\\donors\\frontend\\src\\components\\Header\\index.jsx": {"path":"C:\\Users\\user\\Documents\\donors\\frontend\\src\\components\\Header\\index.jsx","statementMap":{"0":{"start":{"line":6,"column":15},"end":{"line":23,"column":1}},"1":{"start":{"line":7,"column":2},"end":{"line":22,"column":4}}},"fnMap":{"0":{"name":"(anonymous_0)","decl":{"start":{"line":6,"column":15},"end":{"line":6,"column":16}},"loc":{"start":{"line":6,"column":26},"end":{"line":23,"column":1}},"line":6}},"branchMap":{},"s":{"0":3,"1":3},"f":{"0":3},"b":{},"_coverageSchema":"1a1c01bbd47fc00a2c39e90264f33305004495a9","hash":"f7d54b65d1621271a305514a85c830ef06bb6300"}
,"C:\\Users\\user\\Documents\\donors\\frontend\\src\\components\\Homef\\index.jsx": {"path":"C:\\Users\\user\\Documents\\donors\\frontend\\src\\components\\Homef\\index.jsx","statementMap":{"0":{"start":{"line":15,"column":2},"end":{"line":126,"column":4}}},"fnMap":{"0":{"name":"Homef","decl":{"start":{"line":14,"column":9},"end":{"line":14,"column":14}},"loc":{"start":{"line":14,"column":17},"end":{"line":127,"column":1}},"line":14}},"branchMap":{},"s":{"0":2},"f":{"0":2},"b":{},"_coverageSchema":"1a1c01bbd47fc00a2c39e90264f33305004495a9","hash":"f9c2aa2e0352198a78c10ec9dd72857e4ca29871"}
,"C:\\Users\\user\\Documents\\donors\\frontend\\src\\components\\LandingPage\\index.jsx": {"path":"C:\\Users\\user\\Documents\\donors\\frontend\\src\\components\\LandingPage\\index.jsx","statementMap":{"0":{"start":{"line":5,"column":2},"end":{"line":10,"column":3}}},"fnMap":{"0":{"name":"LandingPage","decl":{"start":{"line":4,"column":24},"end":{"line":4,"column":35}},"loc":{"start":{"line":4,"column":38},"end":{"line":11,"column":1}},"line":4}},"branchMap":{},"s":{"0":0},"f":{"0":0},"b":{},"_coverageSchema":"1a1c01bbd47fc00a2c39e90264f33305004495a9","hash":"0044e22f8a8e465d08ddb35c4a1841d302862878"}
,"C:\\Users\\user\\Documents\\donors\\frontend\\src\\components\\Logo\\index.jsx": {"path":"C:\\Users\\user\\Documents\\donors\\frontend\\src\\components\\Logo\\index.jsx","statementMap":{"0":{"start":{"line":3,"column":13},"end":{"line":10,"column":1}},"1":{"start":{"line":4,"column":2},"end":{"line":9,"column":4}}},"fnMap":{"0":{"name":"(anonymous_0)","decl":{"start":{"line":3,"column":13},"end":{"line":3,"column":14}},"loc":{"start":{"line":3,"column":19},"end":{"line":10,"column":1}},"line":3}},"branchMap":{},"s":{"0":3,"1":3},"f":{"0":3},"b":{},"_coverageSchema":"1a1c01bbd47fc00a2c39e90264f33305004495a9","hash":"05ab0bcbf3e10639f81e1e0f13af52e306ec6f24"}
,"C:\\Users\\user\\Documents\\donors\\frontend\\src\\components\\NewDonor\\index.jsx": {"path":"C:\\Users\\user\\Documents\\donors\\frontend\\src\\components\\NewDonor\\index.jsx","statementMap":{"0":{"start":{"line":7,"column":16},"end":{"line":28,"column":1}},"1":{"start":{"line":33,"column":20},"end":{"line":276,"column":1}},"2":{"start":{"line":34,"column":26},"end":{"line":34,"column":38}},"3":{"start":{"line":35,"column":32},"end":{"line":35,"column":44}},"4":{"start":{"line":36,"column":28},"end":{"line":36,"column":40}},"5":{"start":{"line":37,"column":40},"end":{"line":37,"column":52}},"6":{"start":{"line":38,"column":24},"end":{"line":38,"column":36}},"7":{"start":{"line":39,"column":30},"end":{"line":39,"column":42}},"8":{"start":{"line":40,"column":48},"end":{"line":40,"column":63}},"9":{"start":{"line":41,"column":26},"end":{"line":41,"column":46}},"10":{"start":{"line":44,"column":38},"end":{"line":46,"column":3}},"11":{"start":{"line":45,"column":4},"end":{"line":45,"column":39}},"12":{"start":{"line":47,"column":35},"end":{"line":53,"column":1}},"13":{"start":{"line":48,"column":23},"end":{"line":48,"column":37}},"14":{"start":{"line":49,"column":14},"end":{"line":49,"column":64}},"15":{"start":{"line":50,"column":16},"end":{"line":50,"column":73}},"16":{"start":{"line":51,"column":15},"end":{"line":51,"column":41}},"17":{"start":{"line":52,"column":2},"end":{"line":52,"column":35}},"18":{"start":{"line":56,"column":2},"end":{"line":64,"column":9}},"19":{"start":{"line":57,"column":23},"end":{"line":59,"column":12}},"20":{"start":{"line":58,"column":6},"end":{"line":58,"column":26}},"21":{"start":{"line":61,"column":4},"end":{"line":63,"column":6}},"22":{"start":{"line":62,"column":6},"end":{"line":62,"column":32}},"23":{"start":{"line":66,"column":21},"end":{"line":71,"column":3}},"24":{"start":{"line":67,"column":16},"end":{"line":67,"column":58}},"25":{"start":{"line":68,"column":18},"end":{"line":68,"column":67}},"26":{"start":{"line":69,"column":17},"end":{"line":69,"column":35}},"27":{"start":{"line":70,"column":4},"end":{"line":70,"column":37}},"28":{"start":{"line":74,"column":26},"end":{"line":105,"column":3}},"29":{"start":{"line":75,"column":6},"end":{"line":75,"column":25}},"30":{"start":{"line":76,"column":17},"end":{"line":87,"column":5}},"31":{"start":{"line":89,"column":4},"end":{"line":89,"column":21}},"32":{"start":{"line":90,"column":4},"end":{"line":104,"column":7}},"33":{"start":{"line":92,"column":6},"end":{"line":92,"column":43}},"34":{"start":{"line":93,"column":6},"end":{"line":100,"column":9}},"35":{"start":{"line":103,"column":6},"end":{"line":103,"column":37}},"36":{"start":{"line":107,"column":2},"end":{"line":275,"column":4}},"37":{"start":{"line":148,"column":33},"end":{"line":148,"column":56}},"38":{"start":{"line":157,"column":33},"end":{"line":157,"column":59}},"39":{"start":{"line":168,"column":33},"end":{"line":168,"column":57}},"40":{"start":{"line":180,"column":33},"end":{"line":180,"column":63}},"41":{"start":{"line":198,"column":33},"end":{"line":198,"column":55}},"42":{"start":{"line":211,"column":33},"end":{"line":211,"column":58}},"43":{"start":{"line":234,"column":18},"end":{"line":236,"column":29}},"44":{"start":{"line":243,"column":33},"end":{"line":243,"column":56}}},"fnMap":{"0":{"name":"(anonymous_0)","decl":{"start":{"line":33,"column":20},"end":{"line":33,"column":21}},"loc":{"start":{"line":33,"column":26},"end":{"line":276,"column":1}},"line":33},"1":{"name":"(anonymous_1)","decl":{"start":{"line":44,"column":38},"end":{"line":44,"column":39}},"loc":{"start":{"line":44,"column":45},"end":{"line":46,"column":3}},"line":44},"2":{"name":"(anonymous_2)","decl":{"start":{"line":47,"column":35},"end":{"line":47,"column":36}},"loc":{"start":{"line":47,"column":45},"end":{"line":53,"column":1}},"line":47},"3":{"name":"(anonymous_3)","decl":{"start":{"line":56,"column":12},"end":{"line":56,"column":13}},"loc":{"start":{"line":56,"column":18},"end":{"line":64,"column":3}},"line":56},"4":{"name":"(anonymous_4)","decl":{"start":{"line":57,"column":35},"end":{"line":57,"column":36}},"loc":{"start":{"line":57,"column":41},"end":{"line":59,"column":5}},"line":57},"5":{"name":"(anonymous_5)","decl":{"start":{"line":61,"column":11},"end":{"line":61,"column":12}},"loc":{"start":{"line":61,"column":17},"end":{"line":63,"column":5}},"line":61},"6":{"name":"(anonymous_6)","decl":{"start":{"line":66,"column":21},"end":{"line":66,"column":22}},"loc":{"start":{"line":66,"column":31},"end":{"line":71,"column":3}},"line":66},"7":{"name":"(anonymous_7)","decl":{"start":{"line":74,"column":26},"end":{"line":74,"column":27}},"loc":{"start":{"line":74,"column":33},"end":{"line":105,"column":3}},"line":74},"8":{"name":"(anonymous_8)","decl":{"start":{"line":91,"column":10},"end":{"line":91,"column":11}},"loc":{"start":{"line":91,"column":22},"end":{"line":101,"column":5}},"line":91},"9":{"name":"(anonymous_9)","decl":{"start":{"line":102,"column":11},"end":{"line":102,"column":12}},"loc":{"start":{"line":102,"column":19},"end":{"line":104,"column":5}},"line":102},"10":{"name":"(anonymous_10)","decl":{"start":{"line":148,"column":26},"end":{"line":148,"column":27}},"loc":{"start":{"line":148,"column":33},"end":{"line":148,"column":56}},"line":148},"11":{"name":"(anonymous_11)","decl":{"start":{"line":157,"column":26},"end":{"line":157,"column":27}},"loc":{"start":{"line":157,"column":33},"end":{"line":157,"column":59}},"line":157},"12":{"name":"(anonymous_12)","decl":{"start":{"line":168,"column":26},"end":{"line":168,"column":27}},"loc":{"start":{"line":168,"column":33},"end":{"line":168,"column":57}},"line":168},"13":{"name":"(anonymous_13)","decl":{"start":{"line":180,"column":26},"end":{"line":180,"column":27}},"loc":{"start":{"line":180,"column":33},"end":{"line":180,"column":63}},"line":180},"14":{"name":"(anonymous_14)","decl":{"start":{"line":198,"column":26},"end":{"line":198,"column":27}},"loc":{"start":{"line":198,"column":33},"end":{"line":198,"column":55}},"line":198},"15":{"name":"(anonymous_15)","decl":{"start":{"line":211,"column":26},"end":{"line":211,"column":27}},"loc":{"start":{"line":211,"column":33},"end":{"line":211,"column":58}},"line":211},"16":{"name":"(anonymous_16)","decl":{"start":{"line":233,"column":29},"end":{"line":233,"column":30}},"loc":{"start":{"line":234,"column":18},"end":{"line":236,"column":29}},"line":234},"17":{"name":"(anonymous_17)","decl":{"start":{"line":243,"column":26},"end":{"line":243,"column":27}},"loc":{"start":{"line":243,"column":33},"end":{"line":243,"column":56}},"line":243}},"branchMap":{},"s":{"0":3,"1":3,"2":0,"3":0,"4":0,"5":0,"6":0,"7":0,"8":0,"9":0,"10":0,"11":0,"12":0,"13":0,"14":0,"15":0,"16":0,"17":0,"18":0,"19":0,"20":0,"21":0,"22":0,"23":0,"24":0,"25":0,"26":0,"27":0,"28":0,"29":0,"30":0,"31":0,"32":0,"33":0,"34":0,"35":0,"36":0,"37":0,"38":0,"39":0,"40":0,"41":0,"42":0,"43":0,"44":0},"f":{"0":0,"1":0,"2":0,"3":0,"4":0,"5":0,"6":0,"7":0,"8":0,"9":0,"10":0,"11":0,"12":0,"13":0,"14":0,"15":0,"16":0,"17":0},"b":{},"_coverageSchema":"1a1c01bbd47fc00a2c39e90264f33305004495a9","hash":"7a8604a1f632813ae91d2a8c9f796dcdef7a979c"}
,"C:\\Users\\user\\Documents\\donors\\frontend\\src\\components\\NotFound\\index.jsx": {"path":"C:\\Users\\user\\Documents\\donors\\frontend\\src\\components\\NotFound\\index.jsx","statementMap":{"0":{"start":{"line":3,"column":17},"end":{"line":10,"column":1}},"1":{"start":{"line":4,"column":4},"end":{"line":9,"column":5}}},"fnMap":{"0":{"name":"(anonymous_0)","decl":{"start":{"line":3,"column":17},"end":{"line":3,"column":18}},"loc":{"start":{"line":3,"column":23},"end":{"line":10,"column":1}},"line":3}},"branchMap":{},"s":{"0":2,"1":0},"f":{"0":0},"b":{},"_coverageSchema":"1a1c01bbd47fc00a2c39e90264f33305004495a9","hash":"b52324bac2e1182620ed1872e164b8b67466f436"}
,"C:\\Users\\user\\Documents\\donors\\frontend\\src\\components\\SideNavigation\\index.jsx": {"path":"C:\\Users\\user\\Documents\\donors\\frontend\\src\\components\\SideNavigation\\index.jsx","statementMap":{"0":{"start":{"line":8,"column":23},"end":{"line":64,"column":1}},"1":{"start":{"line":9,"column":34},"end":{"line":9,"column":54}},"2":{"start":{"line":10,"column":19},"end":{"line":10,"column":32}},"3":{"start":{"line":11,"column":15},"end":{"line":11,"column":32}},"4":{"start":{"line":12,"column":22},"end":{"line":14,"column":3}},"5":{"start":{"line":13,"column":4},"end":{"line":13,"column":37}},"6":{"start":{"line":15,"column":22},"end":{"line":17,"column":3}},"7":{"start":{"line":16,"column":4},"end":{"line":16,"column":22}},"8":{"start":{"line":18,"column":21},"end":{"line":21,"column":3}},"9":{"start":{"line":19,"column":4},"end":{"line":19,"column":17}},"10":{"start":{"line":20,"column":4},"end":{"line":20,"column":17}},"11":{"start":{"line":22,"column":31},"end":{"line":25,"column":3}},"12":{"start":{"line":23,"column":4},"end":{"line":23,"column":28}},"13":{"start":{"line":24,"column":4},"end":{"line":24,"column":17}},"14":{"start":{"line":27,"column":25},"end":{"line":30,"column":3}},"15":{"start":{"line":28,"column":4},"end":{"line":28,"column":28}},"16":{"start":{"line":29,"column":4},"end":{"line":29,"column":17}},"17":{"start":{"line":32,"column":30},"end":{"line":35,"column":3}},"18":{"start":{"line":33,"column":4},"end":{"line":33,"column":33}},"19":{"start":{"line":34,"column":4},"end":{"line":34,"column":17}},"20":{"start":{"line":37,"column":2},"end":{"line":63,"column":4}}},"fnMap":{"0":{"name":"(anonymous_0)","decl":{"start":{"line":8,"column":23},"end":{"line":8,"column":24}},"loc":{"start":{"line":8,"column":29},"end":{"line":64,"column":1}},"line":8},"1":{"name":"(anonymous_1)","decl":{"start":{"line":12,"column":22},"end":{"line":12,"column":23}},"loc":{"start":{"line":12,"column":33},"end":{"line":14,"column":3}},"line":12},"2":{"name":"(anonymous_2)","decl":{"start":{"line":15,"column":22},"end":{"line":15,"column":23}},"loc":{"start":{"line":15,"column":28},"end":{"line":17,"column":3}},"line":15},"3":{"name":"(anonymous_3)","decl":{"start":{"line":18,"column":21},"end":{"line":18,"column":22}},"loc":{"start":{"line":18,"column":27},"end":{"line":21,"column":3}},"line":18},"4":{"name":"(anonymous_4)","decl":{"start":{"line":22,"column":31},"end":{"line":22,"column":32}},"loc":{"start":{"line":22,"column":37},"end":{"line":25,"column":3}},"line":22},"5":{"name":"(anonymous_5)","decl":{"start":{"line":27,"column":25},"end":{"line":27,"column":26}},"loc":{"start":{"line":27,"column":31},"end":{"line":30,"column":3}},"line":27},"6":{"name":"(anonymous_6)","decl":{"start":{"line":32,"column":30},"end":{"line":32,"column":31}},"loc":{"start":{"line":32,"column":36},"end":{"line":35,"column":3}},"line":32}},"branchMap":{"0":{"loc":{"start":{"line":41,"column":23},"end":{"line":41,"column":54}},"type":"cond-expr","locations":[{"start":{"line":41,"column":30},"end":{"line":41,"column":42}},{"start":{"line":41,"column":45},"end":{"line":41,"column":54}}],"line":41},"1":{"loc":{"start":{"line":43,"column":23},"end":{"line":43,"column":46}},"type":"cond-expr","locations":[{"start":{"line":43,"column":30},"end":{"line":43,"column":34}},{"start":{"line":43,"column":37},"end":{"line":43,"column":46}}],"line":43}},"s":{"0":3,"1":2,"2":2,"3":2,"4":2,"5":0,"6":2,"7":0,"8":2,"9":0,"10":0,"11":2,"12":0,"13":0,"14":2,"15":0,"16":0,"17":2,"18":0,"19":0,"20":2},"f":{"0":2,"1":0,"2":0,"3":0,"4":0,"5":0,"6":0},"b":{"0":[0,2],"1":[0,2]},"_coverageSchema":"1a1c01bbd47fc00a2c39e90264f33305004495a9","hash":"4b1b0b16f1700533a1d6a743bce0a8313fbe39a0"}
,"C:\\Users\\user\\Documents\\donors\\frontend\\src\\services\\ApiService.js": {"path":"C:\\Users\\user\\Documents\\donors\\frontend\\src\\services\\ApiService.js","statementMap":{"0":{"start":{"line":3,"column":27},"end":{"line":3,"column":60}},"1":{"start":{"line":4,"column":27},"end":{"line":4,"column":60}},"2":{"start":{"line":5,"column":27},"end":{"line":5,"column":60}},"3":{"start":{"line":7,"column":28},"end":{"line":9,"column":1}},"4":{"start":{"line":8,"column":4},"end":{"line":8,"column":62}},"5":{"start":{"line":11,"column":34},"end":{"line":13,"column":1}},"6":{"start":{"line":12,"column":4},"end":{"line":12,"column":67}},"7":{"start":{"line":15,"column":35},"end":{"line":21,"column":1}},"8":{"start":{"line":16,"column":4},"end":{"line":20,"column":7}},"9":{"start":{"line":23,"column":30},"end":{"line":29,"column":1}},"10":{"start":{"line":24,"column":4},"end":{"line":28,"column":7}},"11":{"start":{"line":31,"column":31},"end":{"line":33,"column":1}},"12":{"start":{"line":32,"column":4},"end":{"line":32,"column":60}}},"fnMap":{"0":{"name":"(anonymous_0)","decl":{"start":{"line":7,"column":28},"end":{"line":7,"column":29}},"loc":{"start":{"line":7,"column":38},"end":{"line":9,"column":1}},"line":7},"1":{"name":"(anonymous_1)","decl":{"start":{"line":11,"column":34},"end":{"line":11,"column":35}},"loc":{"start":{"line":11,"column":44},"end":{"line":13,"column":1}},"line":11},"2":{"name":"(anonymous_2)","decl":{"start":{"line":15,"column":35},"end":{"line":15,"column":36}},"loc":{"start":{"line":15,"column":51},"end":{"line":21,"column":1}},"line":15},"3":{"name":"(anonymous_3)","decl":{"start":{"line":23,"column":30},"end":{"line":23,"column":31}},"loc":{"start":{"line":23,"column":58},"end":{"line":29,"column":1}},"line":23},"4":{"name":"(anonymous_4)","decl":{"start":{"line":31,"column":31},"end":{"line":31,"column":32}},"loc":{"start":{"line":31,"column":35},"end":{"line":33,"column":1}},"line":31}},"branchMap":{},"s":{"0":5,"1":5,"2":5,"3":5,"4":2,"5":5,"6":1,"7":5,"8":2,"9":5,"10":1,"11":5,"12":0},"f":{"0":2,"1":1,"2":2,"3":1,"4":0},"b":{},"_coverageSchema":"1a1c01bbd47fc00a2c39e90264f33305004495a9","hash":"edfb3b1e3b03dcbc7044a4eff365537951cdccde"}
}
