TN:
SF:src\App.js
FN:5,App
FNF:1
FNH:0
FNDA:0,App
DA:6,0
LF:1
LH:0
BRF:0
BRH:0
end_of_record
TN:
SF:src\index.js
FNF:0
FNH:0
DA:8,0
DA:9,0
DA:15,0
LF:3
LH:0
BRF:0
BRH:0
end_of_record
TN:
SF:src\reportWebVitals.js
FN:1,(anonymous_0)
FN:3,(anonymous_1)
FNF:2
FNH:1
FNDA:2,(anonymous_0)
FNDA:0,(anonymous_1)
DA:1,1
DA:2,2
DA:3,0
DA:4,0
DA:5,0
DA:6,0
DA:7,0
DA:8,0
LF:8
LH:2
BRDA:2,0,0,0
BRDA:2,0,1,2
BRDA:2,1,0,2
BRDA:2,1,1,1
BRF:4
BRH:3
end_of_record
TN:
SF:src\components\PageRoutes.js
FN:13,(anonymous_0)
FNF:1
FNH:0
FNDA:0,(anonymous_0)
DA:13,0
DA:14,0
LF:2
LH:0
BRF:0
BRH:0
end_of_record
TN:
SF:src\components\Admin\AdminPage.jsx
FN:17,(anonymous_0)
FNF:1
FNH:1
FNDA:1,(anonymous_0)
DA:17,1
DA:18,1
LF:2
LH:2
BRF:0
BRH:0
end_of_record
TN:
SF:src\components\Admin\AllDonor.jsx
FN:17,(anonymous_0)
FN:19,(anonymous_1)
FN:23,(anonymous_2)
FN:36,(anonymous_3)
FNF:4
FNH:3
FNDA:1,(anonymous_0)
FNDA:1,(anonymous_1)
FNDA:1,(anonymous_2)
FNDA:0,(anonymous_3)
DA:17,1
DA:18,1
DA:19,1
DA:20,1
DA:22,1
DA:24,1
DA:25,1
DA:36,1
DA:37,0
DA:54,1
LF:10
LH:9
BRF:0
BRH:0
end_of_record
TN:
SF:src\components\Admin\AllTransaction.jsx
FN:17,(anonymous_0)
FN:19,(anonymous_1)
FN:23,(anonymous_2)
FN:30,(anonymous_3)
FNF:4
FNH:4
FNDA:3,(anonymous_0)
FNDA:1,(anonymous_1)
FNDA:1,(anonymous_2)
FNDA:1,(anonymous_3)
DA:17,1
DA:18,3
DA:19,2
DA:20,1
DA:22,1
DA:24,1
DA:25,1
DA:30,2
DA:31,1
DA:47,2
LF:10
LH:10
BRF:0
BRH:0
end_of_record
TN:
SF:src\components\Admin\TransactionOfParticularDonor.jsx
FN:17,(anonymous_0)
FN:20,(anonymous_1)
FN:26,(anonymous_2)
FN:30,(anonymous_3)
FN:38,(anonymous_4)
FN:88,(anonymous_5)
FNF:6
FNH:6
FNDA:4,(anonymous_0)
FNDA:4,(anonymous_1)
FNDA:1,(anonymous_2)
FNDA:1,(anonymous_3)
FNDA:1,(anonymous_4)
FNDA:1,(anonymous_5)
DA:17,1
DA:18,4
DA:20,3
DA:22,4
DA:23,4
DA:25,3
DA:26,3
DA:27,1
DA:28,1
DA:29,1
DA:31,1
DA:32,1
DA:38,3
DA:39,1
DA:55,3
DA:88,1
LF:16
LH:16
BRDA:89,0,0,3
BRDA:89,0,1,2
BRDA:91,1,0,0
BRDA:91,1,1,3
BRDA:91,2,0,3
BRDA:91,2,1,2
BRF:6
BRH:5
end_of_record
TN:
SF:src\components\Certificate\index.jsx
FN:17,(anonymous_0)
FN:25,(anonymous_1)
FN:29,(anonymous_2)
FN:35,(anonymous_3)
FN:40,(anonymous_4)
FN:51,(anonymous_5)
FN:64,generateFiscalYearsArray
FN:77,(anonymous_7)
FN:128,(anonymous_8)
FN:144,(anonymous_9)
FNF:10
FNH:0
FNDA:0,(anonymous_0)
FNDA:0,(anonymous_1)
FNDA:0,(anonymous_2)
FNDA:0,(anonymous_3)
FNDA:0,(anonymous_4)
FNDA:0,(anonymous_5)
FNDA:0,generateFiscalYearsArray
FNDA:0,(anonymous_7)
FNDA:0,(anonymous_8)
FNDA:0,(anonymous_9)
DA:17,0
DA:18,0
DA:19,0
DA:20,0
DA:21,0
DA:22,0
DA:25,0
DA:26,0
DA:27,0
DA:28,0
DA:30,0
DA:31,0
DA:32,0
DA:33,0
DA:36,0
DA:39,0
DA:41,0
DA:42,0
DA:52,0
DA:53,0
DA:65,0
DA:66,0
DA:67,0
DA:69,0
DA:72,0
DA:73,0
DA:75,0
DA:77,0
DA:78,0
DA:80,0
DA:128,0
DA:145,0
LF:32
LH:0
BRDA:157,0,0,0
BRDA:157,0,1,0
BRDA:163,1,0,0
BRDA:163,1,1,0
BRDA:164,2,0,0
BRDA:164,2,1,0
BRF:6
BRH:0
end_of_record
TN:
SF:src\components\ExistingDonor\index.jsx
FN:42,(anonymous_0)
FN:51,(anonymous_1)
FN:54,(anonymous_2)
FN:60,(anonymous_3)
FN:61,(anonymous_4)
FN:65,(anonymous_5)
FN:70,(anonymous_6)
FN:77,(anonymous_7)
FN:81,(anonymous_8)
FN:87,(anonymous_9)
FN:92,(anonymous_10)
FN:104,(anonymous_11)
FN:115,(anonymous_12)
FN:182,(anonymous_13)
FN:224,(anonymous_14)
FN:248,(anonymous_15)
FN:262,(anonymous_16)
FNF:17
FNH:0
FNDA:0,(anonymous_0)
FNDA:0,(anonymous_1)
FNDA:0,(anonymous_2)
FNDA:0,(anonymous_3)
FNDA:0,(anonymous_4)
FNDA:0,(anonymous_5)
FNDA:0,(anonymous_6)
FNDA:0,(anonymous_7)
FNDA:0,(anonymous_8)
FNDA:0,(anonymous_9)
FNDA:0,(anonymous_10)
FNDA:0,(anonymous_11)
FNDA:0,(anonymous_12)
FNDA:0,(anonymous_13)
FNDA:0,(anonymous_14)
FNDA:0,(anonymous_15)
FNDA:0,(anonymous_16)
DA:17,1
DA:42,1
DA:43,0
DA:44,0
DA:45,0
DA:46,0
DA:47,0
DA:48,0
DA:49,0
DA:51,0
DA:52,0
DA:54,0
DA:56,0
DA:57,0
DA:60,0
DA:61,0
DA:62,0
DA:65,0
DA:66,0
DA:70,0
DA:71,0
DA:72,0
DA:73,0
DA:74,0
DA:77,0
DA:78,0
DA:79,0
DA:80,0
DA:82,0
DA:83,0
DA:84,0
DA:85,0
DA:88,0
DA:92,0
DA:93,0
DA:94,0
DA:102,0
DA:103,0
DA:105,0
DA:106,0
DA:116,0
DA:117,0
DA:128,0
DA:130,0
DA:182,0
DA:224,0
DA:249,0
DA:262,0
LF:48
LH:2
BRDA:128,0,0,0
BRDA:128,0,1,0
BRDA:183,1,0,0
BRDA:183,1,1,0
BRDA:185,2,0,0
BRDA:185,2,1,0
BRDA:185,3,0,0
BRDA:185,3,1,0
BRDA:207,4,0,0
BRDA:207,4,1,0
BRF:10
BRH:0
end_of_record
TN:
SF:src\components\Footer\index.jsx
FN:9,Footer
FN:14,(anonymous_1)
FNF:2
FNH:2
FNDA:5,Footer
FNDA:5,(anonymous_1)
DA:10,5
DA:15,5
LF:2
LH:2
BRDA:15,0,0,5
BRDA:15,0,1,0
BRF:2
BRH:1
end_of_record
TN:
SF:src\components\Header\index.jsx
FN:6,(anonymous_0)
FNF:1
FNH:1
FNDA:3,(anonymous_0)
DA:6,1
DA:7,3
LF:2
LH:2
BRF:0
BRH:0
end_of_record
TN:
SF:src\components\Homef\index.jsx
FN:14,Homef
FNF:1
FNH:1
FNDA:2,Homef
DA:15,2
LF:1
LH:1
BRF:0
BRH:0
end_of_record
TN:
SF:src\components\LandingPage\index.jsx
FN:4,LandingPage
FNF:1
FNH:0
FNDA:0,LandingPage
DA:5,0
LF:1
LH:0
BRF:0
BRH:0
end_of_record
TN:
SF:src\components\Logo\index.jsx
FN:3,(anonymous_0)
FNF:1
FNH:1
FNDA:3,(anonymous_0)
DA:3,1
DA:4,3
LF:2
LH:2
BRF:0
BRH:0
end_of_record
TN:
SF:src\components\NewDonor\index.jsx
FN:33,(anonymous_0)
FN:44,(anonymous_1)
FN:47,(anonymous_2)
FN:56,(anonymous_3)
FN:57,(anonymous_4)
FN:61,(anonymous_5)
FN:66,(anonymous_6)
FN:74,(anonymous_7)
FN:91,(anonymous_8)
FN:102,(anonymous_9)
FN:148,(anonymous_10)
FN:157,(anonymous_11)
FN:168,(anonymous_12)
FN:180,(anonymous_13)
FN:198,(anonymous_14)
FN:211,(anonymous_15)
FN:233,(anonymous_16)
FN:243,(anonymous_17)
FNF:18
FNH:0
FNDA:0,(anonymous_0)
FNDA:0,(anonymous_1)
FNDA:0,(anonymous_2)
FNDA:0,(anonymous_3)
FNDA:0,(anonymous_4)
FNDA:0,(anonymous_5)
FNDA:0,(anonymous_6)
FNDA:0,(anonymous_7)
FNDA:0,(anonymous_8)
FNDA:0,(anonymous_9)
FNDA:0,(anonymous_10)
FNDA:0,(anonymous_11)
FNDA:0,(anonymous_12)
FNDA:0,(anonymous_13)
FNDA:0,(anonymous_14)
FNDA:0,(anonymous_15)
FNDA:0,(anonymous_16)
FNDA:0,(anonymous_17)
DA:7,1
DA:33,1
DA:34,0
DA:35,0
DA:36,0
DA:37,0
DA:38,0
DA:39,0
DA:40,0
DA:41,0
DA:44,0
DA:45,0
DA:47,0
DA:48,0
DA:49,0
DA:50,0
DA:51,0
DA:52,0
DA:56,0
DA:57,0
DA:58,0
DA:61,0
DA:62,0
DA:66,0
DA:67,0
DA:68,0
DA:69,0
DA:70,0
DA:74,0
DA:75,0
DA:76,0
DA:89,0
DA:90,0
DA:92,0
DA:93,0
DA:103,0
DA:107,0
DA:148,0
DA:157,0
DA:168,0
DA:180,0
DA:198,0
DA:211,0
DA:234,0
DA:243,0
LF:45
LH:2
BRF:0
BRH:0
end_of_record
TN:
SF:src\components\NotFound\index.jsx
FN:3,(anonymous_0)
FNF:1
FNH:0
FNDA:0,(anonymous_0)
DA:3,0
DA:4,0
LF:2
LH:0
BRF:0
BRH:0
end_of_record
TN:
SF:src\components\SideNavigation\index.jsx
FN:8,(anonymous_0)
FN:12,(anonymous_1)
FN:15,(anonymous_2)
FN:18,(anonymous_3)
FN:22,(anonymous_4)
FN:27,(anonymous_5)
FN:32,(anonymous_6)
FNF:7
FNH:7
FNDA:16,(anonymous_0)
FNDA:4,(anonymous_1)
FNDA:7,(anonymous_2)
FNDA:2,(anonymous_3)
FNDA:2,(anonymous_4)
FNDA:2,(anonymous_5)
FNDA:1,(anonymous_6)
DA:8,2
DA:9,16
DA:10,16
DA:11,16
DA:12,16
DA:13,4
DA:15,16
DA:16,7
DA:18,16
DA:19,2
DA:20,2
DA:22,16
DA:23,2
DA:24,2
DA:27,16
DA:28,2
DA:29,2
DA:32,16
DA:33,1
DA:34,1
DA:38,16
LF:21
LH:21
BRDA:42,0,0,4
BRDA:42,0,1,12
BRDA:44,1,0,4
BRDA:44,1,1,12
BRF:4
BRH:4
end_of_record
TN:
SF:src\services\ApiService.js
FN:8,(anonymous_0)
FN:12,(anonymous_1)
FN:16,(anonymous_2)
FN:24,(anonymous_3)
FN:32,(anonymous_4)
FN:36,(anonymous_5)
FN:43,(anonymous_6)
FNF:7
FNH:4
FNDA:2,(anonymous_0)
FNDA:1,(anonymous_1)
FNDA:2,(anonymous_2)
FNDA:1,(anonymous_3)
FNDA:0,(anonymous_4)
FNDA:0,(anonymous_5)
FNDA:0,(anonymous_6)
DA:3,3
DA:4,3
DA:5,3
DA:6,3
DA:7,3
DA:8,3
DA:9,2
DA:12,3
DA:13,1
DA:16,3
DA:17,2
DA:24,3
DA:25,1
DA:32,3
DA:33,0
DA:36,3
DA:37,0
DA:43,3
DA:44,0
LF:19
LH:16
BRF:0
BRH:0
end_of_record
